==61769== Memcheck, a memory error detector
==61769== Copyright (C) 2002-2022, and GNU GPL'd, by Julian Seward et al.
==61769== Using Valgrind-3.22.0 and LibVEX; rerun with -h for copyright info
==61769== Command: ./minishell
==61769== Parent PID: 21669
==61769== 
==61769== Invalid read of size 8
==61769==    at 0x1091DF: free_tokens (in /workspaces/minishell/minishell/minishell)
==61769==    by 0x1092F9: shell_loop (in /workspaces/minishell/minishell/minishell)
==61769==    by 0x109324: main (in /workspaces/minishell/minishell/minishell)
==61769==  Address 0x4b45970 is 16 bytes after a block of size 0 alloc'd
==61769==    at 0x484D953: calloc (in /usr/libexec/valgrind/vgpreload_memcheck-amd64-linux.so)
==61769==    by 0x109281: line_tokenizer (in /workspaces/minishell/minishell/minishell)
==61769==    by 0x1092DD: shell_loop (in /workspaces/minishell/minishell/minishell)
==61769==    by 0x109324: main (in /workspaces/minishell/minishell/minishell)
==61769== 
==61769== 
==61769== HEAP SUMMARY:
==61769==     in use at exit: 232,868 bytes in 237 blocks
==61769==   total heap usage: 477 allocs, 240 frees, 261,196 bytes allocated
==61769== 
==61769== LEAK SUMMARY:
==61769==    definitely lost: 0 bytes in 0 blocks
==61769==    indirectly lost: 0 bytes in 0 blocks
==61769==      possibly lost: 0 bytes in 0 blocks
==61769==    still reachable: 232,868 bytes in 237 blocks
==61769==         suppressed: 0 bytes in 0 blocks
==61769== Rerun with --leak-check=full to see details of leaked memory
==61769== 
==61769== For lists of detected and suppressed errors, rerun with: -s
==61769== ERROR SUMMARY: 1 errors from 1 contexts (suppressed: 0 from 0)
