==656671== Memcheck, a memory error detector
==656671== Copyright (C) 2002-2017, and GNU GPL'd, by Julian Seward et al.
==656671== Using Valgrind-3.18.1 and LibVEX; rerun with -h for copyright info
==656671== Command: ./minishell
==656671== Parent PID: 656670
==656671== 
==656687== 
==656687== FILE DESCRIPTORS: 8 open (3 std) at exit.
==656687== Open file descriptor 103: /usr/share/code/v8_context_snapshot.bin
==656687==    <inherited from parent>
==656687== 
==656687== Open file descriptor 45: /home/synoshah/.config/Code/logs/20260709T181206/ptyhost.log
==656687==    <inherited from parent>
==656687== 
==656687== Open pf-16 socket 38:
==656687==    <inherited from parent>
==656687== 
==656687== Open file descriptor 37:
==656687==    <inherited from parent>
==656687== 
==656687== Open file descriptor 3: /home/synoshah/Desktop/minishell/valgrind.log
==656687==    <inherited from parent>
==656687== 
==656687== 
==656687== HEAP SUMMARY:
==656687==     in use at exit: 213,994 bytes in 426 blocks
==656687==   total heap usage: 683 allocs, 257 frees, 235,533 bytes allocated
==656687== 
==656687== 7 bytes in 1 blocks are still reachable in loss record 3 of 75
==656687==    at 0x4848899: malloc (in /usr/libexec/valgrind/vgpreload_memcheck-amd64-linux.so)
==656687==    by 0x401BC4: ft_malloc (in /home/synoshah/Desktop/minishell/minishell)
==656687==    by 0x402C20: strip_string_quotes (in /home/synoshah/Desktop/minishell/minishell)
==656687==    by 0x402BC8: trim_quotes (in /home/synoshah/Desktop/minishell/minishell)
==656687==    by 0x4020E2: process_input (in /home/synoshah/Desktop/minishell/minishell)
==656687==    by 0x40200F: shell_loop (in /home/synoshah/Desktop/minishell/minishell)
==656687==    by 0x401F4B: main (in /home/synoshah/Desktop/minishell/minishell)
==656687== 
==656687== 7 bytes in 1 blocks are still reachable in loss record 4 of 75
==656687==    at 0x4848899: malloc (in /usr/libexec/valgrind/vgpreload_memcheck-amd64-linux.so)
==656687==    by 0x40423D: ft_strdup (in /home/synoshah/Desktop/minishell/minishell)
==656687==    by 0x401D4E: populate_cmd (in /home/synoshah/Desktop/minishell/minishell)
==656687==    by 0x401C9E: parse_input (in /home/synoshah/Desktop/minishell/minishell)
==656687==    by 0x4020EF: process_input (in /home/synoshah/Desktop/minishell/minishell)
==656687==    by 0x40200F: shell_loop (in /home/synoshah/Desktop/minishell/minishell)
==656687==    by 0x401F4B: main (in /home/synoshah/Desktop/minishell/minishell)
==656687== 
==656687== 16 bytes in 1 blocks are still reachable in loss record 15 of 75
==656687==    at 0x4848899: malloc (in /usr/libexec/valgrind/vgpreload_memcheck-amd64-linux.so)
==656687==    by 0x401BC4: ft_malloc (in /home/synoshah/Desktop/minishell/minishell)
==656687==    by 0x401C83: parse_input (in /home/synoshah/Desktop/minishell/minishell)
==656687==    by 0x4020EF: process_input (in /home/synoshah/Desktop/minishell/minishell)
==656687==    by 0x40200F: shell_loop (in /home/synoshah/Desktop/minishell/minishell)
==656687==    by 0x401F4B: main (in /home/synoshah/Desktop/minishell/minishell)
==656687== 
==656687== 24 bytes in 1 blocks are still reachable in loss record 19 of 75
==656687==    at 0x4848899: malloc (in /usr/libexec/valgrind/vgpreload_memcheck-amd64-linux.so)
==656687==    by 0x401BC4: ft_malloc (in /home/synoshah/Desktop/minishell/minishell)
==656687==    by 0x4039C8: new_token (in /home/synoshah/Desktop/minishell/minishell)
==656687==    by 0x4027A6: extract_word (in /home/synoshah/Desktop/minishell/minishell)
==656687==    by 0x4026BD: lexer (in /home/synoshah/Desktop/minishell/minishell)
==656687==    by 0x4020B5: process_input (in /home/synoshah/Desktop/minishell/minishell)
==656687==    by 0x40200F: shell_loop (in /home/synoshah/Desktop/minishell/minishell)
==656687==    by 0x401F4B: main (in /home/synoshah/Desktop/minishell/minishell)
==656687== 
==656687== 48 bytes in 1 blocks are still reachable in loss record 24 of 75
==656687==    at 0x4848899: malloc (in /usr/libexec/valgrind/vgpreload_memcheck-amd64-linux.so)
==656687==    by 0x401BC4: ft_malloc (in /home/synoshah/Desktop/minishell/minishell)
==656687==    by 0x401C11: new_cmd (in /home/synoshah/Desktop/minishell/minishell)
==656687==    by 0x401C67: parse_input (in /home/synoshah/Desktop/minishell/minishell)
==656687==    by 0x4020EF: process_input (in /home/synoshah/Desktop/minishell/minishell)
==656687==    by 0x40200F: shell_loop (in /home/synoshah/Desktop/minishell/minishell)
==656687==    by 0x401F4B: main (in /home/synoshah/Desktop/minishell/minishell)
==656687== 
==656687== 954 bytes in 65 blocks are still reachable in loss record 36 of 75
==656687==    at 0x4848899: malloc (in /usr/libexec/valgrind/vgpreload_memcheck-amd64-linux.so)
==656687==    by 0x4045FE: ft_substr (in /home/synoshah/Desktop/minishell/minishell)
==656687==    by 0x4015AB: init_env (in /home/synoshah/Desktop/minishell/minishell)
==656687==    by 0x401F32: main (in /home/synoshah/Desktop/minishell/minishell)
==656687== 
==656687== 1,560 bytes in 65 blocks are still reachable in loss record 46 of 75
==656687==    at 0x4848899: malloc (in /usr/libexec/valgrind/vgpreload_memcheck-amd64-linux.so)
==656687==    by 0x401BC4: ft_malloc (in /home/synoshah/Desktop/minishell/minishell)
==656687==    by 0x40156B: init_env (in /home/synoshah/Desktop/minishell/minishell)
==656687==    by 0x401F32: main (in /home/synoshah/Desktop/minishell/minishell)
==656687== 
==656687== 3,147 bytes in 65 blocks are still reachable in loss record 50 of 75
==656687==    at 0x4848899: malloc (in /usr/libexec/valgrind/vgpreload_memcheck-amd64-linux.so)
==656687==    by 0x40423D: ft_strdup (in /home/synoshah/Desktop/minishell/minishell)
==656687==    by 0x4015C2: init_env (in /home/synoshah/Desktop/minishell/minishell)
==656687==    by 0x401F32: main (in /home/synoshah/Desktop/minishell/minishell)
==656687== 
==656687== LEAK SUMMARY:
==656687==    definitely lost: 0 bytes in 0 blocks
==656687==    indirectly lost: 0 bytes in 0 blocks
==656687==      possibly lost: 0 bytes in 0 blocks
==656687==    still reachable: 5,763 bytes in 200 blocks
==656687==         suppressed: 208,231 bytes in 226 blocks
==656687== 
==656687== For lists of detected and suppressed errors, rerun with: -s
==656687== ERROR SUMMARY: 0 errors from 0 contexts (suppressed: 0 from 0)
==656671== 
==656671== FILE DESCRIPTORS: 8 open (3 std) at exit.
==656671== Open file descriptor 103: /usr/share/code/v8_context_snapshot.bin
==656671==    <inherited from parent>
==656671== 
==656671== Open file descriptor 45: /home/synoshah/.config/Code/logs/20260709T181206/ptyhost.log
==656671==    <inherited from parent>
==656671== 
==656671== Open pf-16 socket 38:
==656671==    <inherited from parent>
==656671== 
==656671== Open file descriptor 37:
==656671==    <inherited from parent>
==656671== 
==656671== Open file descriptor 3: /home/synoshah/Desktop/minishell/valgrind.log
==656671==    <inherited from parent>
==656671== 
==656671== 
==656671== HEAP SUMMARY:
==656671==     in use at exit: 208,224 bytes in 225 blocks
==656671==   total heap usage: 639 allocs, 414 frees, 234,491 bytes allocated
==656671== 
==656671== LEAK SUMMARY:
==656671==    definitely lost: 0 bytes in 0 blocks
==656671==    indirectly lost: 0 bytes in 0 blocks
==656671==      possibly lost: 0 bytes in 0 blocks
==656671==    still reachable: 0 bytes in 0 blocks
==656671==         suppressed: 208,224 bytes in 225 blocks
==656671== 
==656671== For lists of detected and suppressed errors, rerun with: -s
==656671== ERROR SUMMARY: 0 errors from 0 contexts (suppressed: 0 from 0)
